Using pre-set license
Built from '2020.3/release' branch; Version is '2020.3.7f1 (dd97f2c94397) revision 14522354'; Using compiler version '192528614'; Build Type 'Release'
OS: 'Windows 10 Home; OS build 19042.928; Version 2009; 64bit' Language: 'en' Physical Memory: 12191 MB
BatchMode: 1, IsHumanControllingUs: 0, StartBugReporterOnCrash: 0, Is64bit: 1, IsPro: 0

 COMMAND LINE ARGUMENTS:
C:\Program Files\Unity\Hub\Editor\2020.3.7f1\Editor\Unity.exe
-adb2
-batchMode
-noUpm
-name
AssetImportWorker1
-projectPath
C:/Users/romme/Documents/Unity Projects/SimpleBehaviorTrees/SimpleBehaviorTrees
-logFile
Logs/AssetImportWorker1.log
-srvPort
54013
Successfully changed project path to: C:/Users/romme/Documents/Unity Projects/SimpleBehaviorTrees/SimpleBehaviorTrees
C:/Users/romme/Documents/Unity Projects/SimpleBehaviorTrees/SimpleBehaviorTrees
Using Asset Import Pipeline V2.
Refreshing native plugins compatible for Editor in 71.78 ms, found 0 plugins.
Preloading 0 native plugins for Editor in 0.00 ms.
Initialize engine version: 2020.3.7f1 (dd97f2c94397)
[Subsystems] Discovering subsystems at path C:/Program Files/Unity/Hub/Editor/2020.3.7f1/Editor/Data/Resources/UnitySubsystems
[Subsystems] Discovering subsystems at path C:/Users/romme/Documents/Unity Projects/SimpleBehaviorTrees/SimpleBehaviorTrees/Assets
GfxDevice: creating device client; threaded=0
Direct3D:
    Version:  Direct3D 11.0 [level 11.0]
    Renderer: NVIDIA GeForce 940M (ID=0x1347)
    Vendor:   
    VRAM:     2020 MB
    Driver:   23.21.13.8857
Initialize mono
Mono path[0] = 'C:/Program Files/Unity/Hub/Editor/2020.3.7f1/Editor/Data/Managed'
Mono path[1] = 'C:/Program Files/Unity/Hub/Editor/2020.3.7f1/Editor/Data/MonoBleedingEdge/lib/mono/unityjit'
Mono config path = 'C:/Program Files/Unity/Hub/Editor/2020.3.7f1/Editor/Data/MonoBleedingEdge/etc'
Using monoOptions --debugger-agent=transport=dt_socket,embedding=1,server=y,suspend=n,address=127.0.0.1:56680
Begin MonoManager ReloadAssembly
Registering precompiled unity dll's ...
Register platform support module: C:/Program Files/Unity/Hub/Editor/2020.3.7f1/Editor/Data/PlaybackEngines/WebGLSupport/UnityEditor.WebGL.Extensions.dll
Register platform support module: C:/Program Files/Unity/Hub/Editor/2020.3.7f1/Editor/Data/PlaybackEngines/WindowsStandaloneSupport/UnityEditor.WindowsStandalone.Extensions.dll
Registered in 0.003284 seconds.
Native extension for WindowsStandalone target not found
Native extension for WebGL target not found
Refreshing native plugins compatible for Editor in 31.27 ms, found 0 plugins.
Preloading 0 native plugins for Editor in 0.00 ms.
Mono: successfully reloaded assembly
- Completed reload, in  3.492 seconds
Platform modules already initialized, skipping
Registering precompiled user dll's ...
Registered in 0.000983 seconds.
Begin MonoManager ReloadAssembly
Native extension for WindowsStandalone target not found
Native extension for WebGL target not found
Refreshing native plugins compatible for Editor in 0.26 ms, found 0 plugins.
Preloading 0 native plugins for Editor in 0.00 ms.
Mono: successfully reloaded assembly
- Completed reload, in  1.280 seconds
Platform modules already initialized, skipping
========================================================================
Worker process is ready to serve import requests
Launched and connected shader compiler UnityShaderCompiler.exe after 0.13 seconds
Refreshing native plugins compatible for Editor in 0.25 ms, found 0 plugins.
Preloading 0 native plugins for Editor in 0.00 ms.
Unloading 1116 Unused Serialized files (Serialized files now loaded: 0)
System memory in use before: 57.8 MB.
System memory in use after: 57.8 MB.

Unloading 10 unused Assets to reduce memory usage. Loaded Objects now: 1558.
Total: 2.738700 ms (FindLiveObjects: 0.815800 ms CreateObjectMapping: 0.081500 ms MarkObjects: 1.695900 ms  DeleteObjects: 0.143900 ms)

========================================================================
Received Import Request.
  path: Assets/Scripts/Node.cs
  artifactKey: Guid(f9a90cad8b0a2bb4d9fb5061cbc3e8ec) Importer(815301076,1909f56bfc062723c751e8b465ee728b)
Start importing Assets/Scripts/Node.cs using Guid(f9a90cad8b0a2bb4d9fb5061cbc3e8ec) Importer(815301076,1909f56bfc062723c751e8b465ee728b)  -> (artifact id: 'cceb1a969a1182a9354259b4d872173a') in 0.052367 seconds
  Import took 0.055766 seconds .

========================================================================
Received Prepare
Registering precompiled user dll's ...
Registered in 0.000896 seconds.
Begin MonoManager ReloadAssembly
Native extension for WindowsStandalone target not found
Native extension for WebGL target not found
Refreshing native plugins compatible for Editor in 0.24 ms, found 0 plugins.
Preloading 0 native plugins for Editor in 0.00 ms.
Mono: successfully reloaded assembly
- Completed reload, in  1.468 seconds
Platform modules already initialized, skipping
Refreshing native plugins compatible for Editor in 0.27 ms, found 0 plugins.
Preloading 0 native plugins for Editor in 0.00 ms.
Unloading 1111 Unused Serialized files (Serialized files now loaded: 0)
System memory in use before: 57.7 MB.
System memory in use after: 57.8 MB.

Unloading 5 unused Assets to reduce memory usage. Loaded Objects now: 1561.
Total: 2.301700 ms (FindLiveObjects: 0.272000 ms CreateObjectMapping: 0.044900 ms MarkObjects: 1.843800 ms  DeleteObjects: 0.139800 ms)

========================================================================
Received Import Request.
  Time since last request: 1031.367773 seconds.
  path: Assets/Scripts
  artifactKey: Guid(4c98937fd0f70794db96c4d0befe7cd3) Importer(815301076,1909f56bfc062723c751e8b465ee728b)
Start importing Assets/Scripts using Guid(4c98937fd0f70794db96c4d0befe7cd3) Importer(815301076,1909f56bfc062723c751e8b465ee728b)  -> (artifact id: '5b01d39443c1ad6132b8a85ecaa6bd8d') in 0.061333 seconds
  Import took 0.072393 seconds .

========================================================================
Received Import Request.
  Time since last request: 4.246071 seconds.
  path: Assets/Scripts
  artifactKey: Guid(4c98937fd0f70794db96c4d0befe7cd3) Importer(815301076,1909f56bfc062723c751e8b465ee728b)
Start importing Assets/Scripts using Guid(4c98937fd0f70794db96c4d0befe7cd3) Importer(815301076,1909f56bfc062723c751e8b465ee728b)  -> (artifact id: '5b01d39443c1ad6132b8a85ecaa6bd8d') in 0.023854 seconds
  Import took 0.046542 seconds .

========================================================================
Received Import Request.
  Time since last request: 12.672478 seconds.
  path: Assets/Scripts/NodeStates.cs
  artifactKey: Guid(e88a9f3a4a3134f4fb6545e3d699699b) Importer(815301076,1909f56bfc062723c751e8b465ee728b)
Start importing Assets/Scripts/NodeStates.cs using Guid(e88a9f3a4a3134f4fb6545e3d699699b) Importer(815301076,1909f56bfc062723c751e8b465ee728b)  -> (artifact id: '6d47ca1cb1982b152262a7cc22646357') in 1.728013 seconds
  Import took 1.762876 seconds .

========================================================================
Received Prepare
Registering precompiled user dll's ...
Registered in 0.011404 seconds.
Begin MonoManager ReloadAssembly
Native extension for WindowsStandalone target not found
Native extension for WebGL target not found
Refreshing native plugins compatible for Editor in 0.42 ms, found 0 plugins.
Preloading 0 native plugins for Editor in 0.00 ms.
Mono: successfully reloaded assembly
- Completed reload, in  6.640 seconds
Platform modules already initialized, skipping
Refreshing native plugins compatible for Editor in 0.70 ms, found 0 plugins.
Preloading 0 native plugins for Editor in 0.00 ms.
Unloading 1112 Unused Serialized files (Serialized files now loaded: 0)
System memory in use before: 57.7 MB.
System memory in use after: 57.8 MB.

Unloading 5 unused Assets to reduce memory usage. Loaded Objects now: 1565.
Total: 9.976900 ms (FindLiveObjects: 0.376700 ms CreateObjectMapping: 1.402900 ms MarkObjects: 8.026400 ms  DeleteObjects: 0.167900 ms)

========================================================================
Received Prepare
Registering precompiled user dll's ...
Registered in 0.001973 seconds.
Begin MonoManager ReloadAssembly
Native extension for WindowsStandalone target not found
Native extension for WebGL target not found
Refreshing native plugins compatible for Editor in 0.29 ms, found 0 plugins.
Preloading 0 native plugins for Editor in 0.00 ms.
Mono: successfully reloaded assembly
- Completed reload, in  2.985 seconds
Platform modules already initialized, skipping
Refreshing native plugins compatible for Editor in 0.42 ms, found 0 plugins.
Preloading 0 native plugins for Editor in 0.00 ms.
Unloading 1112 Unused Serialized files (Serialized files now loaded: 0)
System memory in use before: 57.8 MB.
System memory in use after: 57.8 MB.

Unloading 5 unused Assets to reduce memory usage. Loaded Objects now: 1568.
Total: 3.878300 ms (FindLiveObjects: 0.365500 ms CreateObjectMapping: 0.519100 ms MarkObjects: 2.906400 ms  DeleteObjects: 0.085600 ms)

========================================================================
Received Import Request.
  Time since last request: 122.729878 seconds.
  path: Assets/Scripts/Selector.cs
  artifactKey: Guid(cd9eba03580089645bce32998e2f1b9e) Importer(815301076,1909f56bfc062723c751e8b465ee728b)
Start importing Assets/Scripts/Selector.cs using Guid(cd9eba03580089645bce32998e2f1b9e) Importer(815301076,1909f56bfc062723c751e8b465ee728b)  -> (artifact id: 'b75ff38a23a76df905bca4c290bb6be6') in 0.457906 seconds
  Import took 0.514285 seconds .

========================================================================
Received Prepare
Registering precompiled user dll's ...
Registered in 0.006054 seconds.
Begin MonoManager ReloadAssembly
Native extension for WindowsStandalone target not found
Native extension for WebGL target not found
Refreshing native plugins compatible for Editor in 0.49 ms, found 0 plugins.
Preloading 0 native plugins for Editor in 0.00 ms.
Mono: successfully reloaded assembly
- Completed reload, in 11.927 seconds
Platform modules already initialized, skipping
Refreshing native plugins compatible for Editor in 1.18 ms, found 0 plugins.
Preloading 0 native plugins for Editor in 0.00 ms.
Unloading 1113 Unused Serialized files (Serialized files now loaded: 0)
System memory in use before: 57.8 MB.
System memory in use after: 57.9 MB.

Unloading 5 unused Assets to reduce memory usage. Loaded Objects now: 1572.
Total: 8.113800 ms (FindLiveObjects: 0.289900 ms CreateObjectMapping: 0.241700 ms MarkObjects: 7.134300 ms  DeleteObjects: 0.444700 ms)

========================================================================
Received Prepare
Registering precompiled user dll's ...
Registered in 0.001110 seconds.
Begin MonoManager ReloadAssembly
Native extension for WindowsStandalone target not found
Native extension for WebGL target not found
Refreshing native plugins compatible for Editor in 0.33 ms, found 0 plugins.
Preloading 0 native plugins for Editor in 0.00 ms.
Mono: successfully reloaded assembly
- Completed reload, in  1.284 seconds
Platform modules already initialized, skipping
Refreshing native plugins compatible for Editor in 0.26 ms, found 0 plugins.
Preloading 0 native plugins for Editor in 0.00 ms.
Unloading 1113 Unused Serialized files (Serialized files now loaded: 0)
System memory in use before: 57.8 MB.
System memory in use after: 57.9 MB.

Unloading 5 unused Assets to reduce memory usage. Loaded Objects now: 1575.
Total: 3.409800 ms (FindLiveObjects: 0.309400 ms CreateObjectMapping: 0.204800 ms MarkObjects: 2.793800 ms  DeleteObjects: 0.100000 ms)

========================================================================
Received Import Request.
  Time since last request: 45605.260172 seconds.
  path: Assets/Scripts/Selector.cs
  artifactKey: Guid(cd9eba03580089645bce32998e2f1b9e) Importer(815301076,1909f56bfc062723c751e8b465ee728b)
Start importing Assets/Scripts/Selector.cs using Guid(cd9eba03580089645bce32998e2f1b9e) Importer(815301076,1909f56bfc062723c751e8b465ee728b)  -> (artifact id: '41c11dc6df9959128c3c7923ff76d179') in 0.015658 seconds
  Import took 0.018785 seconds .

========================================================================
Received Import Request.
  Time since last request: 9975.139232 seconds.
  path: Assets/Scripts/Sequence.cs
  artifactKey: Guid(1d0892550fc5de04391dafb49efccab6) Importer(815301076,1909f56bfc062723c751e8b465ee728b)
Start importing Assets/Scripts/Sequence.cs using Guid(1d0892550fc5de04391dafb49efccab6) Importer(815301076,1909f56bfc062723c751e8b465ee728b)  -> (artifact id: 'd4bb969e83688d5dec0b4d8d7cf3b904') in 0.021833 seconds
  Import took 0.048686 seconds .

========================================================================
Received Prepare
Registering precompiled user dll's ...
Registered in 0.001282 seconds.
Begin MonoManager ReloadAssembly
Native extension for WindowsStandalone target not found
Native extension for WebGL target not found
Refreshing native plugins compatible for Editor in 0.30 ms, found 0 plugins.
Preloading 0 native plugins for Editor in 0.00 ms.
Mono: successfully reloaded assembly
- Completed reload, in  1.803 seconds
Platform modules already initialized, skipping
Refreshing native plugins compatible for Editor in 0.26 ms, found 0 plugins.
Preloading 0 native plugins for Editor in 0.00 ms.
Unloading 1114 Unused Serialized files (Serialized files now loaded: 0)
System memory in use before: 57.8 MB.
System memory in use after: 57.9 MB.

Unloading 5 unused Assets to reduce memory usage. Loaded Objects now: 1579.
Total: 3.014300 ms (FindLiveObjects: 0.419100 ms CreateObjectMapping: 0.143000 ms MarkObjects: 2.349200 ms  DeleteObjects: 0.100700 ms)

========================================================================
Received Prepare
Registering precompiled user dll's ...
Registered in 0.001851 seconds.
Begin MonoManager ReloadAssembly
Native extension for WindowsStandalone target not found
Native extension for WebGL target not found
Refreshing native plugins compatible for Editor in 0.27 ms, found 0 plugins.
Preloading 0 native plugins for Editor in 0.00 ms.
Mono: successfully reloaded assembly
- Completed reload, in  1.272 seconds
Platform modules already initialized, skipping
Refreshing native plugins compatible for Editor in 0.26 ms, found 0 plugins.
Preloading 0 native plugins for Editor in 0.00 ms.
Unloading 1114 Unused Serialized files (Serialized files now loaded: 0)
System memory in use before: 57.8 MB.
System memory in use after: 57.9 MB.

Unloading 5 unused Assets to reduce memory usage. Loaded Objects now: 1582.
Total: 2.963900 ms (FindLiveObjects: 0.446000 ms CreateObjectMapping: 0.207000 ms MarkObjects: 2.140800 ms  DeleteObjects: 0.167200 ms)

========================================================================
Received Import Request.
  Time since last request: 455.095531 seconds.
  path: Assets/Scripts/Sequence.cs
  artifactKey: Guid(1d0892550fc5de04391dafb49efccab6) Importer(815301076,1909f56bfc062723c751e8b465ee728b)
Start importing Assets/Scripts/Sequence.cs using Guid(1d0892550fc5de04391dafb49efccab6) Importer(815301076,1909f56bfc062723c751e8b465ee728b)  -> (artifact id: 'e9360da83c3d5aab3f69cfa40e67929a') in 0.010120 seconds
  Import took 0.014506 seconds .

========================================================================
Received Import Request.
  Time since last request: 67.315281 seconds.
  path: Assets/Scripts/Inverter.cs
  artifactKey: Guid(b251afb50602a9048b5f5e3ebe220e7b) Importer(815301076,1909f56bfc062723c751e8b465ee728b)
Start importing Assets/Scripts/Inverter.cs using Guid(b251afb50602a9048b5f5e3ebe220e7b) Importer(815301076,1909f56bfc062723c751e8b465ee728b)  -> (artifact id: '967779f6087d223cec3fcae43d66f85e') in 0.052611 seconds
  Import took 0.062795 seconds .

========================================================================
Received Prepare
Registering precompiled user dll's ...
Registered in 0.001881 seconds.
Begin MonoManager ReloadAssembly
Native extension for WindowsStandalone target not found
Native extension for WebGL target not found
Refreshing native plugins compatible for Editor in 0.40 ms, found 0 plugins.
Preloading 0 native plugins for Editor in 0.00 ms.
Mono: successfully reloaded assembly
- Completed reload, in  2.680 seconds
Platform modules already initialized, skipping
Refreshing native plugins compatible for Editor in 0.53 ms, found 0 plugins.
Preloading 0 native plugins for Editor in 0.00 ms.
Unloading 1115 Unused Serialized files (Serialized files now loaded: 0)
System memory in use before: 57.9 MB.
System memory in use after: 57.9 MB.

Unloading 5 unused Assets to reduce memory usage. Loaded Objects now: 1586.
Total: 4.357600 ms (FindLiveObjects: 0.263700 ms CreateObjectMapping: 0.101100 ms MarkObjects: 3.776800 ms  DeleteObjects: 0.213900 ms)

========================================================================
Received Prepare
Registering precompiled user dll's ...
Registered in 0.003800 seconds.
Begin MonoManager ReloadAssembly
Native extension for WindowsStandalone target not found
Native extension for WebGL target not found
Refreshing native plugins compatible for Editor in 0.25 ms, found 0 plugins.
Preloading 0 native plugins for Editor in 0.00 ms.
Mono: successfully reloaded assembly
- Completed reload, in  1.125 seconds
Platform modules already initialized, skipping
Refreshing native plugins compatible for Editor in 0.27 ms, found 0 plugins.
Preloading 0 native plugins for Editor in 0.00 ms.
Unloading 1115 Unused Serialized files (Serialized files now loaded: 0)
System memory in use before: 57.9 MB.
System memory in use after: 57.9 MB.

Unloading 5 unused Assets to reduce memory usage. Loaded Objects now: 1589.
Total: 2.871000 ms (FindLiveObjects: 0.286800 ms CreateObjectMapping: 0.297700 ms MarkObjects: 2.180800 ms  DeleteObjects: 0.103300 ms)

========================================================================
Received Import Request.
  Time since last request: 447.000673 seconds.
  path: Assets/Scripts/Inverter.cs
  artifactKey: Guid(b251afb50602a9048b5f5e3ebe220e7b) Importer(815301076,1909f56bfc062723c751e8b465ee728b)
Start importing Assets/Scripts/Inverter.cs using Guid(b251afb50602a9048b5f5e3ebe220e7b) Importer(815301076,1909f56bfc062723c751e8b465ee728b)  -> (artifact id: 'be0977295c0f93c396c6cc0027fea01b') in 0.010718 seconds
  Import took 0.014696 seconds .

========================================================================
Received Import Request.
  Time since last request: 12.739270 seconds.
  path: Assets/Scripts/ActionNode.cs
  artifactKey: Guid(a0f9fcb0a1bd685449539abeaea4b227) Importer(815301076,1909f56bfc062723c751e8b465ee728b)
Start importing Assets/Scripts/ActionNode.cs using Guid(a0f9fcb0a1bd685449539abeaea4b227) Importer(815301076,1909f56bfc062723c751e8b465ee728b)  -> (artifact id: '3daf2e0ce3da139f479fd44ec98722ca') in 0.031897 seconds
  Import took 0.148794 seconds .

========================================================================
Received Prepare
Registering precompiled user dll's ...
Registered in 0.000862 seconds.
Begin MonoManager ReloadAssembly
Native extension for WindowsStandalone target not found
Native extension for WebGL target not found
Refreshing native plugins compatible for Editor in 0.24 ms, found 0 plugins.
Preloading 0 native plugins for Editor in 0.00 ms.
Mono: successfully reloaded assembly
- Completed reload, in  1.310 seconds
Platform modules already initialized, skipping
Refreshing native plugins compatible for Editor in 0.24 ms, found 0 plugins.
Preloading 0 native plugins for Editor in 0.00 ms.
Unloading 1116 Unused Serialized files (Serialized files now loaded: 0)
System memory in use before: 57.9 MB.
System memory in use after: 58.0 MB.

Unloading 5 unused Assets to reduce memory usage. Loaded Objects now: 1593.
Total: 2.023600 ms (FindLiveObjects: 0.162900 ms CreateObjectMapping: 0.043400 ms MarkObjects: 1.738100 ms  DeleteObjects: 0.077700 ms)

========================================================================
Received Prepare
Registering precompiled user dll's ...
Registered in 0.002170 seconds.
Begin MonoManager ReloadAssembly
Native extension for WindowsStandalone target not found
Native extension for WebGL target not found
Refreshing native plugins compatible for Editor in 0.26 ms, found 0 plugins.
Preloading 0 native plugins for Editor in 0.00 ms.
Mono: successfully reloaded assembly
- Completed reload, in  2.144 seconds
Platform modules already initialized, skipping
Refreshing native plugins compatible for Editor in 0.38 ms, found 0 plugins.
Preloading 0 native plugins for Editor in 0.00 ms.
Unloading 1116 Unused Serialized files (Serialized files now loaded: 0)
System memory in use before: 57.9 MB.
System memory in use after: 58.0 MB.

Unloading 5 unused Assets to reduce memory usage. Loaded Objects now: 1596.
Total: 5.534800 ms (FindLiveObjects: 0.354400 ms CreateObjectMapping: 0.165300 ms MarkObjects: 4.945000 ms  DeleteObjects: 0.067800 ms)

========================================================================
Received Import Request.
  Time since last request: 522.271705 seconds.
  path: Assets/Scripts/ActionNode.cs
  artifactKey: Guid(a0f9fcb0a1bd685449539abeaea4b227) Importer(815301076,1909f56bfc062723c751e8b465ee728b)
Start importing Assets/Scripts/ActionNode.cs using Guid(a0f9fcb0a1bd685449539abeaea4b227) Importer(815301076,1909f56bfc062723c751e8b465ee728b)  -> (artifact id: '0424624bdba40933560bcbff9a1c509c') in 0.018830 seconds
  Import took 0.022822 seconds .

========================================================================
Received Import Request.
  Time since last request: 0.004410 seconds.
  path: Assets/Scripts/ActionNode.cs
  artifactKey: Guid(a0f9fcb0a1bd685449539abeaea4b227) Importer(815301076,1909f56bfc062723c751e8b465ee728b)
Start importing Assets/Scripts/ActionNode.cs using Guid(a0f9fcb0a1bd685449539abeaea4b227) Importer(815301076,1909f56bfc062723c751e8b465ee728b)  -> (artifact id: '0424624bdba40933560bcbff9a1c509c') in 0.014514 seconds
  Import took 0.018134 seconds .

